app/seeds.txt
com.ashoksm.allindiabankinfo.DisplayBankBranchResultActivity
com.ashoksm.allindiabankinfo.DisplayBankBranchResultActivity: DisplayBankBranchResultActivity()
com.ashoksm.allindiabankinfo.MainActivity
com.ashoksm.allindiabankinfo.MainActivity: MainActivity()
com.ashoksm.allindiabankinfo.R$anim: int abc_fade_in
com.ashoksm.allindiabankinfo.R$anim: int abc_fade_out
com.ashoksm.allindiabankinfo.R$anim: int abc_grow_fade_in_from_bottom
com.ashoksm.allindiabankinfo.R$anim: int abc_popup_enter
com.ashoksm.allindiabankinfo.R$anim: int abc_popup_exit
com.ashoksm.allindiabankinfo.R$anim: int abc_shrink_fade_out_from_bottom
com.ashoksm.allindiabankinfo.R$anim: int abc_slide_in_bottom
com.ashoksm.allindiabankinfo.R$anim: int abc_slide_in_top
com.ashoksm.allindiabankinfo.R$anim: int abc_slide_out_bottom
com.ashoksm.allindiabankinfo.R$anim: int abc_slide_out_top
com.ashoksm.allindiabankinfo.R$anim: int slide_in_left
com.ashoksm.allindiabankinfo.R$anim: int slide_out_left
com.ashoksm.allindiabankinfo.R$anim: int up_from_bottom
com.ashoksm.allindiabankinfo.R$array: int abhyudayaco_opbankltd_gujarat_districts
com.ashoksm.allindiabankinfo.R$array: int abhyudayaco_opbankltd_karnataka_districts
com.ashoksm.allindiabankinfo.R$array: int abhyudayaco_opbankltd_maharashtra_districts
com.ashoksm.allindiabankinfo.R$array: int abhyudayaco_opbankltd_states
com.ashoksm.allindiabankinfo.R$array: int abudhabicommercialbank_karnataka_districts
com.ashoksm.allindiabankinfo.R$array: int abudhabicommercialbank_maharashtra_districts
com.ashoksm.allindiabankinfo.R$array: int abudhabicommercialbank_states
com.ashoksm.allindiabankinfo.R$array: int ahmedabadmercantileco_opbank_gujarat_districts
com.ashoksm.allindiabankinfo.R$array: int ahmedabadmercantileco_opbank_maharashtra_districts
com.ashoksm.allindiabankinfo.R$array: int ahmedabadmercantileco_opbank_states
com.ashoksm.allindiabankinfo.R$array: int akolajanatacommercialco_opbank_madhyapradesh_districts
com.ashoksm.allindiabankinfo.R$array: int akolajanatacommercialco_opbank_maharashtra_districts
com.ashoksm.allindiabankinfo.R$array: int akolajanatacommercialco_opbank_states
com.ashoksm.allindiabankinfo.R$array: int allahabadbank_andamanandnicobarisland_districts
com.ashoksm.allindiabankinfo.R$array: int allahabadbank_andhrapradesh_districts
com.ashoksm.allindiabankinfo.R$array: int allahabadbank_arunachalpradesh_districts
com.ashoksm.allindiabankinfo.R$array: int allahabadbank_assam_districts
com.ashoksm.allindiabankinfo.R$array: int allahabadbank_bihar_districts
...
com.google.android.gms.R$drawable: int common_full_open_on_phone
com.google.android.gms.R$drawable: int common_ic_googleplayservices
com.google.android.gms.R$id: int adjust_height
com.google.android.gms.R$id: int adjust_width
com.google.android.gms.R$id: int none
com.google.android.gms.R$id: int normal
com.google.android.gms.R$id: int wrap_content
com.google.android.gms.R$integer: int google_play_services_version
com.google.android.gms.R$string: int accept
com.google.android.gms.R$string: int auth_google_play_services_client_facebook_display_name
com.google.android.gms.R$string: int auth_google_play_services_client_google_display_name
com.google.android.gms.R$string: int common_android_wear_notification_needs_update_text
com.google.android.gms.R$string: int common_android_wear_update_text
com.google.android.gms.R$string: int common_android_wear_update_title
com.google.android.gms.R$string: int common_google_play_services_api_unavailable_text
com.google.android.gms.R$string: int common_google_play_services_enable_button
com.google.android.gms.R$string: int common_google_play_services_enable_text
com.google.android.gms.R$string: int common_google_play_services_enable_title
com.google.android.gms.R$string: int common_google_play_services_error_notification_requested_by_msg
com.google.android.gms.R$string: int common_google_play_services_install_button
com.google.android.gms.R$string: int common_google_play_services_install_text_phone
com.google.android.gms.R$string: int common_google_play_services_install_text_tablet
com.google.android.gms.R$string: int common_google_play_services_install_title
com.google.android.gms.R$string: int common_google_play_services_invalid_account_text
com.google.android.gms.R$string: int common_google_play_services_invalid_account_title
com.google.android.gms.R$string: int common_google_play_services_needs_enabling_title
com.google.android.gms.R$style: int Theme_IAPTheme
com.google.android.gms.R$styleable: int[] AdsAttrs
com.google.android.gms.R$styleable: int AdsAttrs_adSize
com.google.android.gms.R$styleable: int AdsAttrs_adSizes
com.google.android.gms.R$styleable: int AdsAttrs_adUnitId
com.google.android.gms.R$styleable: int[] LoadingImageView
com.google.android.gms.R$styleable: int LoadingImageView_circleCrop
com.google.android.gms.R$styleable: int LoadingImageView_imageAspectRatio
com.google.android.gms.R$styleable: int LoadingImageView_imageAspectRatioAdjust
com.google.android.gms.ads.AdActivity
com.google.android.gms.ads.AdActivity: AdActivity()
com.google.android.gms.ads.AdActivity: void setContentView(android.view.View)
com.google.android.gms.ads.AdView: com.google.android.gms.ads.AdListener getAdListener()
com.google.android.gms.ads.AdView: com.google.android.gms.ads.AdSize getAdSize()
com.google.android.gms.ads.AdView: java.lang.String getAdUnitId()
com.google.android.gms.ads.AdView: com.google.android.gms.ads.purchase.InAppPurchaseListener getInAppPurchaseListener()
com.google.android.gms.ads.AdView: void setAdListener(com.google.android.gms.ads.AdListener)
com.google.android.gms.ads.AdView: void setAdSize(com.google.android.gms.ads.AdSize)
com.google.android.gms.ads.AdView: void setAdUnitId(java.lang.String)
com.google.android.gms.ads.AdView: void setInAppPurchaseListener(com.google.android.gms.ads.purchase.InAppPurchaseListener)
com.google.android.gms.ads.AdView: java.lang.String getMediationAdapterClassName()
com.google.android.gms.ads.R$attr: int adSize
com.google.android.gms.ads.R$attr: int adSizes
com.google.android.gms.ads.R$attr: int adUnitId
com.google.android.gms.ads.R$attr: int circleCrop
com.google.android.gms.ads.R$attr: int imageAspectRatio
com.google.android.gms.ads.R$attr: int imageAspectRatioAdjust