app/mapping.txt
com.ashoksm.allindiabankinfo.DisplayBankBranchResultActivity -> com.ashoksm.allindiabankinfo.DisplayBankBranchResultActivity:
    com.ashoksm.allindiabankinfo.sqlite.BankBranchSQLiteHelper sqLiteHelper -> a
    android.database.Cursor c -> b
    java.lang.String stateName -> c
    java.lang.String districtName -> d
    java.lang.String bankName -> e
    java.lang.String branchName -> f
    void <init>() -> <init>
    void onCreate(android.os.Bundle) -> onCreate
    void onBackPressed() -> onBackPressed
    void onDestroy() -> onDestroy
    void loadAd() -> a
    com.ashoksm.allindiabankinfo.sqlite.BankBranchSQLiteHelper access$002(com.ashoksm.allindiabankinfo.DisplayBankBranchResultActivity,com.ashoksm.allindiabankinfo.sqlite.BankBranchSQLiteHelper) -> a
    android.database.Cursor access$102(com.ashoksm.allindiabankinfo.DisplayBankBranchResultActivity,android.database.Cursor) -> a
    java.lang.String access$200(com.ashoksm.allindiabankinfo.DisplayBankBranchResultActivity) -> a
    java.lang.String access$300(com.ashoksm.allindiabankinfo.DisplayBankBranchResultActivity) -> b
    java.lang.String access$400(com.ashoksm.allindiabankinfo.DisplayBankBranchResultActivity) -> c
    java.lang.String access$500(com.ashoksm.allindiabankinfo.DisplayBankBranchResultActivity) -> d
    com.ashoksm.allindiabankinfo.sqlite.BankBranchSQLiteHelper access$000(com.ashoksm.allindiabankinfo.DisplayBankBranchResultActivity) -> e
com.ashoksm.allindiabankinfo.DisplayBankBranchResultActivity$1 -> com.ashoksm.allindiabankinfo.a:
    android.widget.LinearLayout progressLayout -> a
    com.ashoksm.allindiabankinfo.adapter.IFSCRecyclerViewAdapter adapter -> b
    android.content.Intent val$intent -> c
    android.support.v7.widget.RecyclerView val$mRecyclerView -> d
    com.ashoksm.allindiabankinfo.DisplayBankBranchResultActivity this$0 -> e
    void <init>(com.ashoksm.allindiabankinfo.DisplayBankBranchResultActivity,android.content.Intent,android.support.v7.widget.RecyclerView) -> <init>
    void onPreExecute() -> onPreExecute
    java.lang.Void doInBackground(java.lang.Void[]) -> a
    void onPostExecute(java.lang.Void) -> a
    void onPostExecute(java.lang.Object) -> onPostExecute
    java.lang.Object doInBackground(java.lang.Object[]) -> doInBackground
com.ashoksm.allindiabankinfo.DisplayBankBranchResultActivity$2 -> com.ashoksm.allindiabankinfo.b:
    android.widget.LinearLayout val$adParent -> a
    com.ashoksm.allindiabankinfo.DisplayBankBranchResultActivity this$0 -> b
    void <init>(com.ashoksm.allindiabankinfo.DisplayBankBranchResultActivity,android.widget.LinearLayout) -> <init>
    void onAdLoaded() -> a
    void onAdFailedToLoad(int) -> a
com.ashoksm.allindiabankinfo.MainActivity -> com.ashoksm.allindiabankinfo.MainActivity:
    android.widget.AutoCompleteTextView bankNameSpinner -> a
    android.widget.AutoCompleteTextView stateNameTextView -> b
    android.widget.AutoCompleteTextView districtNameTextView -> c
    android.widget.EditText branchName -> d
    com.google.android.gms.ads.InterstitialAd mInterstitialAd -> e
    void <init>() -> <init>
    void onCreate(android.os.Bundle) -> onCreate
    void loadAd() -> e
    void performSearch() -> f
    com.google.android.gms.ads.InterstitialAd newInterstitialAd() -> g
    void showInterstitial() -> h
    void loadInterstitial() -> i
    android.widget.AutoCompleteTextView access$000() -> a
    android.widget.AutoCompleteTextView access$100() -> b
    android.widget.EditText access$200() -> c
    android.widget.AutoCompleteTextView access$300() -> d
    void access$400(com.ashoksm.allindiabankinfo.MainActivity) -> a
    void access$500(com.ashoksm.allindiabankinfo.MainActivity) -> b
com.ashoksm.allindiabankinfo.MainActivity$1 -> com.ashoksm.allindiabankinfo.c:
    com.ashoksm.allindiabankinfo.MainActivity this$0 -> a
    void <init>(com.ashoksm.allindiabankinfo.MainActivity) -> <init>
    void onItemClick(android.widget.AdapterView,android.view.View,int,long) -> onItemClick
...
android.support.v4.widget.PopupWindowCompatKitKat -> android.support.v4.widget.aw:
    void showAsDropDown(android.widget.PopupWindow,android.view.View,int,int,int) -> a
android.support.v4.widget.ResourceCursorAdapter -> android.support.v4.widget.ax:
    int mLayout -> mLayout
    int mDropDownLayout -> mDropDownLayout
    android.view.LayoutInflater mInflater -> mInflater
    void <init>(android.content.Context,int,android.database.Cursor) -> <init>
    void <init>(android.content.Context,int,android.database.Cursor,boolean) -> <init>
    void <init>(android.content.Context,int,android.database.Cursor,int) -> <init>
    android.view.View newView(android.content.Context,android.database.Cursor,android.view.ViewGroup) -> newView
    android.view.View newDropDownView(android.content.Context,android.database.Cursor,android.view.ViewGroup) -> newDropDownView
    void setViewResource(int) -> setViewResource
    void setDropDownViewResource(int) -> setDropDownViewResource
android.support.v4.widget.ScrollerCompat -> android.support.v4.widget.ay:
    java.lang.Object mScroller -> a
    android.support.v4.widget.ScrollerCompat$ScrollerCompatImpl mImpl -> b
    android.support.v4.widget.ScrollerCompat create(android.content.Context) -> a
    android.support.v4.widget.ScrollerCompat create(android.content.Context,android.view.animation.Interpolator) -> a
    void <init>(android.content.Context,android.view.animation.Interpolator) -> <init>
    void <init>(int,android.content.Context,android.view.animation.Interpolator) -> <init>
    boolean isFinished() -> a
    int getCurrX() -> b
    int getCurrY() -> c
    int getFinalX() -> d
    int getFinalY() -> e
    float getCurrVelocity() -> f
    boolean computeScrollOffset() -> g
    void startScroll(int,int,int,int) -> a
    void startScroll(int,int,int,int,int) -> a
    void fling(int,int,int,int,int,int,int,int) -> a
    void fling(int,int,int,int,int,int,int,int,int,int) -> a
    boolean springBack(int,int,int,int,int,int) -> a
    void abortAnimation() -> h
android.support.v4.widget.ScrollerCompat$ScrollerCompatImpl -> android.support.v4.widget.az:
    java.lang.Object createScroller(android.content.Context,android.view.animation.Interpolator) -> a
    boolean isFinished(java.lang.Object) -> a
    int getCurrX(java.lang.Object) -> b
    int getCurrY(java.lang.Object) -> c
    float getCurrVelocity(java.lang.Object) -> d
    boolean computeScrollOffset(java.lang.Object) -> e
    void startScroll(java.lang.Object,int,int,int,int) -> a
    void startScroll(java.lang.Object,int,int,int,int,int) -> a
    void fling(java.lang.Object,int,int,int,int,int,int,int,int) -> a
    void fling(java.lang.Object,int,int,int,int,int,int,int,int,int,int) -> a
    void abortAnimation(java.lang.Object) -> f
    int getFinalX(java.lang.Object) -> g
    int getFinalY(java.lang.Object) -> h
    boolean springBack(java.lang.Object,int,int,int,int,int,int) -> a
android.support.v4.widget.ScrollerCompat$ScrollerCompatImplBase -> android.support.v4.widget.ba:
    void <init>() -> <init>
    java.lang.Object createScroller(android.content.Context,android.view.animation.Interpolator) -> a
    boolean isFinished(java.lang.Object) -> a
    int getCurrX(java.lang.Object) -> b
    int getCurrY(java.lang.Object) -> c
    float getCurrVelocity(java.lang.Object) -> d
    boolean computeScrollOffset(java.lang.Object) -> e
    void startScroll(java.lang.Object,int,int,int,int) -> a
    void startScroll(java.lang.Object,int,int,int,int,int) -> a
    void fling(java.lang.Object,int,int,int,int,int,int,int,int) -> a
    void fling(java.lang.Object,int,int,int,int,int,int,int,int,int,int) -> a
    void abortAnimation(java.lang.Object) -> f
    int getFinalX(java.lang.Object) -> g
    int getFinalY(java.lang.Object) -> h
    boolean springBack(java.lang.Object,int,int,int,int,int,int) -> a