app/unused.txt
com.ashoksm.allindiabankinfo.BuildConfig
com.ashoksm.allindiabankinfo.MainActivity:
    public static final java.lang.String EXTRA_STATE
    public static final java.lang.String EXTRA_DISTRICT
    public static final java.lang.String EXTRA_BANK
    public static final java.lang.String EXTRA_BRANCH
com.ashoksm.allindiabankinfo.R
com.ashoksm.allindiabankinfo.R$anim
com.ashoksm.allindiabankinfo.R$array
com.ashoksm.allindiabankinfo.R$attr
com.ashoksm.allindiabankinfo.R$bool
com.ashoksm.allindiabankinfo.R$color
com.ashoksm.allindiabankinfo.R$dimen
com.ashoksm.allindiabankinfo.R$drawable
com.ashoksm.allindiabankinfo.R$id
com.ashoksm.allindiabankinfo.R$integer
com.ashoksm.allindiabankinfo.R$layout
com.ashoksm.allindiabankinfo.R$menu
com.ashoksm.allindiabankinfo.R$mipmap
com.ashoksm.allindiabankinfo.R$string
com.ashoksm.allindiabankinfo.R$style
com.ashoksm.allindiabankinfo.R$styleable
com.ashoksm.allindiabankinfo.adapter.CursorRecyclerViewAdapter:
    46:46:public android.database.Cursor getCursor()
    88:92:public void changeCursor(android.database.Cursor)
    100:120:public android.database.Cursor swapCursor(android.database.Cursor)
com.ashoksm.allindiabankinfo.sqlite.BankBranchSQLiteHelper:
    private static final int DATABASE_VERSION
    private static final java.lang.String DATABASE_NAME
    private static final java.lang.String TABLE_BANK_BRANCH
    private static final java.lang.String TABLE_LOCATION
    public static final java.lang.String NAME
    public static final java.lang.String CITY
    public static final java.lang.String ADDRESS
    public static final java.lang.String CONTACT
    private static final java.lang.String LOCATION
    public static final java.lang.String DISTRICT
    public static final java.lang.String STATE
    private static final java.lang.String BANK
    public static final java.lang.String IFSC
    public static final java.lang.String MICR
    public static final java.lang.String ID
    private static final java.lang.String CREATE_LOCATION_TABLE
    private static final java.lang.String CREATE_BANK_BRANCH_TABLE
...
android.support.v4.widget.TintableCompoundButton:
    public abstract android.content.res.ColorStateList getSupportButtonTintList()
    public abstract android.graphics.PorterDuff$Mode getSupportButtonTintMode()
android.support.v4.widget.ViewDragHelper:
    private static final java.lang.String TAG
    public static final int INVALID_POINTER
    public static final int STATE_IDLE
    public static final int STATE_DRAGGING
    public static final int STATE_SETTLING
    public static final int EDGE_LEFT
    public static final int EDGE_RIGHT
    public static final int EDGE_TOP
    public static final int EDGE_BOTTOM
    public static final int EDGE_ALL
    public static final int DIRECTION_HORIZONTAL
    public static final int DIRECTION_VERTICAL
    public static final int DIRECTION_ALL
    private static final int EDGE_SIZE
    private static final int BASE_SETTLE_DURATION
    private static final int MAX_SETTLE_DURATION
    347:347:public static android.support.v4.widget.ViewDragHelper create(android.view.ViewGroup,android.support.v4.widget.ViewDragHelper$Callback)
    360:362:public static android.support.v4.widget.ViewDragHelper create(android.view.ViewGroup,float,android.support.v4.widget.ViewDragHelper$Callback)
    115:392:private ViewDragHelper(android.content.Context,android.view.ViewGroup,android.support.v4.widget.ViewDragHelper$Callback)
    401:402:public void setMinVelocity(float)
    412:412:public float getMinVelocity()
    437:438:public void setEdgeTrackingEnabled(int)
    483:483:public int getActivePointerId()
    512:522:public void abort()
    697:708:public void flingCapturedView(int,int,int,int)
android.support.v4.widget.ViewDragHelper$2
android.support.v4.widget.ViewDragHelper$Callback:
    148:148:public ViewDragHelper$Callback()
com.google.ads.AdRequest:
    public static final java.lang.String VERSION
    public static final java.lang.String LOGTAG
    private AdRequest()
com.google.ads.AdRequest$ErrorCode
com.google.ads.AdSize:
    public static final int FULL_WIDTH
    public static final int AUTO_HEIGHT
    public static final int LANDSCAPE_AD_HEIGHT
    public static final int PORTRAIT_AD_HEIGHT
    public static final int LARGE_AD_HEIGHT
    public AdSize(int,int)
    public boolean isFullWidth()
    public boolean isAutoHeight()
    public boolean isCustomAdSize()
    public int getWidthInPixels(android.content.Context)
    public int getHeightInPixels(android.content.Context)
    public boolean isSizeAppropriate(int,int)
    public varargs com.google.ads.AdSize findBestSize(com.google.ads.AdSize[])
com.google.ads.mediation.AbstractAdViewAdapter:
    public static final java.lang.String AD_UNIT_ID_PARAMETER
com.google.ads.mediation.EmptyNetworkExtras
com.google.ads.mediation.MediationAdRequest:
    public java.lang.Integer getAgeInYears()
    public java.util.Date getBirthday()
    public com.google.ads.AdRequest$Gender getGender()
    public java.util.Set getKeywords()
    public android.location.Location getLocation()
    public boolean isTesting()
com.google.ads.mediation.MediationBannerListener:
    public abstract void onReceivedAd(com.google.ads.mediation.MediationBannerAdapter)
    public abstract void onFailedToReceiveAd(com.google.ads.mediation.MediationBannerAdapter,com.google.ads.AdRequest$ErrorCode)
    public abstract void onPresentScreen(com.google.ads.mediation.MediationBannerAdapter)
    public abstract void onDismissScreen(com.google.ads.mediation.MediationBannerAdapter)
    public abstract void onLeaveApplication(com.google.ads.mediation.MediationBannerAdapter)
    public abstract void onClick(com.google.ads.mediation.MediationBannerAdapter)